0 info it worked if it ends with ok
1 verbose cli [ '/usr/local/bin/iojs',
1 verbose cli   '/usr/local/bin/npm',
1 verbose cli   'i',
1 verbose cli   '-SD',
1 verbose cli   'harp',
1 verbose cli   'browsersync' ]
2 info using npm@3.6.0
3 info using node@v5.6.0
4 silly loadCurrentTree Starting
5 silly install loadCurrentTree
6 silly install readLocalPackageData
7 silly fetchPackageMetaData harp@^0.20.3
8 silly fetchPackageMetaData browsersync
9 silly fetchNamedPackageData harp
10 silly mapToRegistry name harp
11 silly mapToRegistry using default registry
12 silly mapToRegistry registry https://registry.npmjs.org/
13 silly mapToRegistry uri https://registry.npmjs.org/harp
14 silly fetchNamedPackageData browsersync
15 silly mapToRegistry name browsersync
16 silly mapToRegistry using default registry
17 silly mapToRegistry registry https://registry.npmjs.org/
18 silly mapToRegistry uri https://registry.npmjs.org/browsersync
19 verbose request uri https://registry.npmjs.org/browsersync
20 verbose request no auth needed
21 info attempt registry request try #1 at 7:40:17 PM
22 verbose request id 44ef0a808fd197a2
23 http request GET https://registry.npmjs.org/browsersync
24 verbose request uri https://registry.npmjs.org/harp
25 verbose request no auth needed
26 info attempt registry request try #1 at 7:40:17 PM
27 verbose etag "4NCXAFSPCZFR7Z3X2F0W1V21M"
28 http request GET https://registry.npmjs.org/harp
29 http 404 https://registry.npmjs.org/browsersync
30 verbose headers { 'content-type': 'application/json',
30 verbose headers   'cache-control': 'max-age=0',
30 verbose headers   'content-length': '2',
30 verbose headers   'accept-ranges': 'bytes',
30 verbose headers   date: 'Tue, 28 Jun 2016 01:40:18 GMT',
30 verbose headers   via: '1.1 varnish',
30 verbose headers   age: '0',
30 verbose headers   connection: 'keep-alive',
30 verbose headers   'x-served-by': 'cache-ord1724-ORD',
30 verbose headers   'x-cache': 'MISS',
30 verbose headers   'x-cache-hits': '0',
30 verbose headers   'x-timer': 'S1467078018.465239,VS0,VE131',
30 verbose headers   vary: 'Accept-Encoding' }
31 silly get cb [ 404,
31 silly get   { 'content-type': 'application/json',
31 silly get     'cache-control': 'max-age=0',
31 silly get     'content-length': '2',
31 silly get     'accept-ranges': 'bytes',
31 silly get     date: 'Tue, 28 Jun 2016 01:40:18 GMT',
31 silly get     via: '1.1 varnish',
31 silly get     age: '0',
31 silly get     connection: 'keep-alive',
31 silly get     'x-served-by': 'cache-ord1724-ORD',
31 silly get     'x-cache': 'MISS',
31 silly get     'x-cache-hits': '0',
31 silly get     'x-timer': 'S1467078018.465239,VS0,VE131',
31 silly get     vary: 'Accept-Encoding' } ]
32 silly fetchPackageMetaData Error: Registry returned 404 for GET on https://registry.npmjs.org/browsersync
32 silly fetchPackageMetaData     at makeError (/usr/local/lib/node_modules/npm/node_modules/npm-registry-client/lib/request.js:264:12)
32 silly fetchPackageMetaData     at CachingRegistryClient.<anonymous> (/usr/local/lib/node_modules/npm/node_modules/npm-registry-client/lib/request.js:242:14)
32 silly fetchPackageMetaData     at Request._callback (/usr/local/lib/node_modules/npm/node_modules/npm-registry-client/lib/request.js:172:14)
32 silly fetchPackageMetaData     at Request.self.callback (/usr/local/lib/node_modules/npm/node_modules/request/request.js:198:22)
32 silly fetchPackageMetaData     at emitTwo (events.js:100:13)
32 silly fetchPackageMetaData     at Request.emit (events.js:185:7)
32 silly fetchPackageMetaData     at Request.<anonymous> (/usr/local/lib/node_modules/npm/node_modules/request/request.js:1035:10)
32 silly fetchPackageMetaData     at emitOne (events.js:95:20)
32 silly fetchPackageMetaData     at Request.emit (events.js:182:7)
32 silly fetchPackageMetaData     at IncomingMessage.<anonymous> (/usr/local/lib/node_modules/npm/node_modules/request/request.js:962:12)
32 silly fetchPackageMetaData  error for browsersync { [Error: Registry returned 404 for GET on https://registry.npmjs.org/browsersync] pkgid: 'browsersync', statusCode: 404, code: 'E404' }
33 http 304 https://registry.npmjs.org/harp
34 verbose headers { date: 'Tue, 28 Jun 2016 01:40:18 GMT',
34 verbose headers   via: '1.1 varnish',
34 verbose headers   'cache-control': 'max-age=300',
34 verbose headers   etag: '"4NCXAFSPCZFR7Z3X2F0W1V21M"',
34 verbose headers   age: '0',
34 verbose headers   connection: 'keep-alive',
34 verbose headers   'x-served-by': 'cache-ord1744-ORD',
34 verbose headers   'x-cache': 'HIT',
34 verbose headers   'x-cache-hits': '1',
34 verbose headers   'x-timer': 'S1467078018.467867,VS0,VE333',
34 verbose headers   vary: 'Accept-Encoding' }
35 silly get cb [ 304,
35 silly get   { date: 'Tue, 28 Jun 2016 01:40:18 GMT',
35 silly get     via: '1.1 varnish',
35 silly get     'cache-control': 'max-age=300',
35 silly get     etag: '"4NCXAFSPCZFR7Z3X2F0W1V21M"',
35 silly get     age: '0',
35 silly get     connection: 'keep-alive',
35 silly get     'x-served-by': 'cache-ord1744-ORD',
35 silly get     'x-cache': 'HIT',
35 silly get     'x-cache-hits': '1',
35 silly get     'x-timer': 'S1467078018.467867,VS0,VE333',
35 silly get     vary: 'Accept-Encoding' } ]
36 verbose etag https://registry.npmjs.org/harp from cache
37 verbose get saving harp to /Users/mbp/.npm/registry.npmjs.org/harp/.cache.json
38 verbose correctMkdir /Users/mbp/.npm correctMkdir not in flight; initializing
39 silly rollbackFailedOptional Starting
40 silly rollbackFailedOptional Finishing
41 silly runTopLevelLifecycles Starting
42 silly runTopLevelLifecycles Finishing
43 silly install printInstalled
44 verbose stack Error: Registry returned 404 for GET on https://registry.npmjs.org/browsersync
44 verbose stack     at makeError (/usr/local/lib/node_modules/npm/node_modules/npm-registry-client/lib/request.js:264:12)
44 verbose stack     at CachingRegistryClient.<anonymous> (/usr/local/lib/node_modules/npm/node_modules/npm-registry-client/lib/request.js:242:14)
44 verbose stack     at Request._callback (/usr/local/lib/node_modules/npm/node_modules/npm-registry-client/lib/request.js:172:14)
44 verbose stack     at Request.self.callback (/usr/local/lib/node_modules/npm/node_modules/request/request.js:198:22)
44 verbose stack     at emitTwo (events.js:100:13)
44 verbose stack     at Request.emit (events.js:185:7)
44 verbose stack     at Request.<anonymous> (/usr/local/lib/node_modules/npm/node_modules/request/request.js:1035:10)
44 verbose stack     at emitOne (events.js:95:20)
44 verbose stack     at Request.emit (events.js:182:7)
44 verbose stack     at IncomingMessage.<anonymous> (/usr/local/lib/node_modules/npm/node_modules/request/request.js:962:12)
45 verbose statusCode 404
46 verbose pkgid browsersync
47 verbose cwd /Users/mbp/work/djv/_src
48 error Darwin 15.5.0
49 error argv "/usr/local/bin/iojs" "/usr/local/bin/npm" "i" "-SD" "harp" "browsersync"
50 error node v5.6.0
51 error npm  v3.6.0
52 error code E404
53 error 404 Registry returned 404 for GET on https://registry.npmjs.org/browsersync
54 error 404
55 error 404 'browsersync' is not in the npm registry.
56 error 404 You should bug the author to publish it (or use the name yourself!)
57 error 404 Note that you can also install from a
58 error 404 tarball, folder, http url, or git url.
59 verbose exit [ 1, true ]
